Internal Server Error: /
Traceback (most recent call last):
  File "/Users/shalomeir/IdeaProjects/Snippod/snippod-boilerplate/venv/lib/python3.4/site-packages/django/core/handlers/base.py", line 204, in get_response
    response = middleware_method(request, response)
  File "/Users/shalomeir/IdeaProjects/Snippod/snippod-boilerplate/venv/lib/python3.4/site-packages/debug_toolbar/middleware.py", line 94, in process_response
    new_response = panel.process_response(request, response)
  File "/Users/shalomeir/IdeaProjects/Snippod/snippod-boilerplate/venv/lib/python3.4/site-packages/debug_toolbar/panels/staticfiles.py", line 126, in process_response
    'staticfiles_finders': self.get_staticfiles_finders(),
  File "/Users/shalomeir/IdeaProjects/Snippod/snippod-boilerplate/venv/lib/python3.4/site-packages/debug_toolbar/panels/staticfiles.py", line 137, in get_staticfiles_finders
    for path, finder_storage in finder.list([]):
  File "/Users/shalomeir/IdeaProjects/Snippod/snippod-boilerplate/venv/lib/python3.4/site-packages/django/contrib/staticfiles/finders.py", line 111, in list
    for path in utils.get_files(storage, ignore_patterns):
  File "/Users/shalomeir/IdeaProjects/Snippod/snippod-boilerplate/venv/lib/python3.4/site-packages/django/contrib/staticfiles/utils.py", line 27, in get_files
    directories, files = storage.listdir(location)
  File "/Users/shalomeir/IdeaProjects/Snippod/snippod-boilerplate/venv/lib/python3.4/site-packages/django/core/files/storage.py", line 270, in listdir
    for entry in os.listdir(path):
FileNotFoundError: [Errno 2] No such file or directory: '/Users/shalomeir/IdeaProjects/Snippod/snippod-boilerplate/snippod_webapp/.tmp'
Internal Server Error: /favicon.ico
Traceback (most recent call last):
  File "/Users/shalomeir/IdeaProjects/Snippod/snippod-boilerplate/venv/lib/python3.4/site-packages/django/core/handlers/base.py", line 204, in get_response
    response = middleware_method(request, response)
  File "/Users/shalomeir/IdeaProjects/Snippod/snippod-boilerplate/venv/lib/python3.4/site-packages/debug_toolbar/middleware.py", line 94, in process_response
    new_response = panel.process_response(request, response)
  File "/Users/shalomeir/IdeaProjects/Snippod/snippod-boilerplate/venv/lib/python3.4/site-packages/debug_toolbar/panels/staticfiles.py", line 126, in process_response
    'staticfiles_finders': self.get_staticfiles_finders(),
  File "/Users/shalomeir/IdeaProjects/Snippod/snippod-boilerplate/venv/lib/python3.4/site-packages/debug_toolbar/panels/staticfiles.py", line 137, in get_staticfiles_finders
    for path, finder_storage in finder.list([]):
  File "/Users/shalomeir/IdeaProjects/Snippod/snippod-boilerplate/venv/lib/python3.4/site-packages/django/contrib/staticfiles/finders.py", line 111, in list
    for path in utils.get_files(storage, ignore_patterns):
  File "/Users/shalomeir/IdeaProjects/Snippod/snippod-boilerplate/venv/lib/python3.4/site-packages/django/contrib/staticfiles/utils.py", line 27, in get_files
    directories, files = storage.listdir(location)
  File "/Users/shalomeir/IdeaProjects/Snippod/snippod-boilerplate/venv/lib/python3.4/site-packages/django/core/files/storage.py", line 270, in listdir
    for entry in os.listdir(path):
FileNotFoundError: [Errno 2] No such file or directory: '/Users/shalomeir/IdeaProjects/Snippod/snippod-boilerplate/snippod_webapp/.tmp'
Internal Server Error: /
Traceback (most recent call last):
  File "/Users/shalomeir/IdeaProjects/Snippod/snippod-boilerplate/venv/lib/python3.4/site-packages/storages/backends/s3boto.py", line 7, in <module>
    from cStringIO import StringIO
ImportError: No module named 'cStringIO'

During handling of the above exception, another exception occurred:

Traceback (most recent call last):
  File "/Users/shalomeir/IdeaProjects/Snippod/snippod-boilerplate/venv/lib/python3.4/site-packages/django/core/handlers/base.py", line 137, in get_response
    response = response.render()
  File "/Users/shalomeir/IdeaProjects/Snippod/snippod-boilerplate/venv/lib/python3.4/site-packages/django/template/response.py", line 103, in render
    self.content = self.rendered_content
  File "/Users/shalomeir/IdeaProjects/Snippod/snippod-boilerplate/venv/lib/python3.4/site-packages/django/template/response.py", line 80, in rendered_content
    content = template.render(context)
  File "/Users/shalomeir/IdeaProjects/Snippod/snippod-boilerplate/venv/lib/python3.4/site-packages/django/template/base.py", line 148, in render
    return self._render(context)
  File "/Users/shalomeir/IdeaProjects/Snippod/snippod-boilerplate/venv/lib/python3.4/site-packages/django/test/utils.py", line 88, in instrumented_test_render
    return self.nodelist.render(context)
  File "/Users/shalomeir/IdeaProjects/Snippod/snippod-boilerplate/venv/lib/python3.4/site-packages/django/template/base.py", line 844, in render
    bit = self.render_node(node, context)
  File "/Users/shalomeir/IdeaProjects/Snippod/snippod-boilerplate/venv/lib/python3.4/site-packages/django/template/base.py", line 858, in render_node
    return node.render(context)
  File "/Users/shalomeir/IdeaProjects/Snippod/snippod-boilerplate/venv/lib/python3.4/site-packages/django/templatetags/static.py", line 106, in render
    url = self.url(context)
  File "/Users/shalomeir/IdeaProjects/Snippod/snippod-boilerplate/venv/lib/python3.4/site-packages/django/contrib/staticfiles/templatetags/staticfiles.py", line 16, in url
    return static(path)
  File "/Users/shalomeir/IdeaProjects/Snippod/snippod-boilerplate/venv/lib/python3.4/site-packages/django/contrib/staticfiles/templatetags/staticfiles.py", line 9, in static
    return staticfiles_storage.url(path)
  File "/Users/shalomeir/IdeaProjects/Snippod/snippod-boilerplate/venv/lib/python3.4/site-packages/django/utils/functional.py", line 224, in inner
    self._setup()
  File "/Users/shalomeir/IdeaProjects/Snippod/snippod-boilerplate/venv/lib/python3.4/site-packages/debug_toolbar/panels/staticfiles.py", line 60, in _setup
    configured_storage_cls = get_storage_class(settings.STATICFILES_STORAGE)
  File "/Users/shalomeir/IdeaProjects/Snippod/snippod-boilerplate/venv/lib/python3.4/site-packages/django/core/files/storage.py", line 303, in get_storage_class
    return import_string(import_path or settings.DEFAULT_FILE_STORAGE)
  File "/Users/shalomeir/IdeaProjects/Snippod/snippod-boilerplate/venv/lib/python3.4/site-packages/django/utils/module_loading.py", line 26, in import_string
    module = import_module(module_path)
  File "/Users/shalomeir/IdeaProjects/Snippod/snippod-boilerplate/venv/lib/python3.4/importlib/__init__.py", line 109, in import_module
    return _bootstrap._gcd_import(name[level:], package, level)
  File "<frozen importlib._bootstrap>", line 2254, in _gcd_import
  File "<frozen importlib._bootstrap>", line 2237, in _find_and_load
  File "<frozen importlib._bootstrap>", line 2226, in _find_and_load_unlocked
  File "<frozen importlib._bootstrap>", line 1200, in _load_unlocked
  File "<frozen importlib._bootstrap>", line 1129, in _exec
  File "<frozen importlib._bootstrap>", line 1471, in exec_module
  File "<frozen importlib._bootstrap>", line 321, in _call_with_frames_removed
  File "/Users/shalomeir/IdeaProjects/Snippod/snippod-boilerplate/venv/lib/python3.4/site-packages/storages/backends/s3boto.py", line 9, in <module>
    from StringIO import StringIO  # noqa
ImportError: No module named 'StringIO'
Internal Server Error: /favicon.ico
Traceback (most recent call last):
  File "/Users/shalomeir/IdeaProjects/Snippod/snippod-boilerplate/venv/lib/python3.4/site-packages/storages/backends/s3boto.py", line 7, in <module>
    from cStringIO import StringIO
ImportError: No module named 'cStringIO'

During handling of the above exception, another exception occurred:

Traceback (most recent call last):
  File "/Users/shalomeir/IdeaProjects/Snippod/snippod-boilerplate/venv/lib/python3.4/site-packages/django/core/handlers/base.py", line 137, in get_response
    response = response.render()
  File "/Users/shalomeir/IdeaProjects/Snippod/snippod-boilerplate/venv/lib/python3.4/site-packages/django/template/response.py", line 103, in render
    self.content = self.rendered_content
  File "/Users/shalomeir/IdeaProjects/Snippod/snippod-boilerplate/venv/lib/python3.4/site-packages/django/template/response.py", line 80, in rendered_content
    content = template.render(context)
  File "/Users/shalomeir/IdeaProjects/Snippod/snippod-boilerplate/venv/lib/python3.4/site-packages/django/template/base.py", line 148, in render
    return self._render(context)
  File "/Users/shalomeir/IdeaProjects/Snippod/snippod-boilerplate/venv/lib/python3.4/site-packages/django/test/utils.py", line 88, in instrumented_test_render
    return self.nodelist.render(context)
  File "/Users/shalomeir/IdeaProjects/Snippod/snippod-boilerplate/venv/lib/python3.4/site-packages/django/template/base.py", line 844, in render
    bit = self.render_node(node, context)
  File "/Users/shalomeir/IdeaProjects/Snippod/snippod-boilerplate/venv/lib/python3.4/site-packages/django/template/base.py", line 858, in render_node
    return node.render(context)
  File "/Users/shalomeir/IdeaProjects/Snippod/snippod-boilerplate/venv/lib/python3.4/site-packages/django/templatetags/static.py", line 106, in render
    url = self.url(context)
  File "/Users/shalomeir/IdeaProjects/Snippod/snippod-boilerplate/venv/lib/python3.4/site-packages/django/contrib/staticfiles/templatetags/staticfiles.py", line 16, in url
    return static(path)
  File "/Users/shalomeir/IdeaProjects/Snippod/snippod-boilerplate/venv/lib/python3.4/site-packages/django/contrib/staticfiles/templatetags/staticfiles.py", line 9, in static
    return staticfiles_storage.url(path)
  File "/Users/shalomeir/IdeaProjects/Snippod/snippod-boilerplate/venv/lib/python3.4/site-packages/django/utils/functional.py", line 224, in inner
    self._setup()
  File "/Users/shalomeir/IdeaProjects/Snippod/snippod-boilerplate/venv/lib/python3.4/site-packages/debug_toolbar/panels/staticfiles.py", line 60, in _setup
    configured_storage_cls = get_storage_class(settings.STATICFILES_STORAGE)
  File "/Users/shalomeir/IdeaProjects/Snippod/snippod-boilerplate/venv/lib/python3.4/site-packages/django/core/files/storage.py", line 303, in get_storage_class
    return import_string(import_path or settings.DEFAULT_FILE_STORAGE)
  File "/Users/shalomeir/IdeaProjects/Snippod/snippod-boilerplate/venv/lib/python3.4/site-packages/django/utils/module_loading.py", line 26, in import_string
    module = import_module(module_path)
  File "/Users/shalomeir/IdeaProjects/Snippod/snippod-boilerplate/venv/lib/python3.4/importlib/__init__.py", line 109, in import_module
    return _bootstrap._gcd_import(name[level:], package, level)
  File "<frozen importlib._bootstrap>", line 2254, in _gcd_import
  File "<frozen importlib._bootstrap>", line 2237, in _find_and_load
  File "<frozen importlib._bootstrap>", line 2226, in _find_and_load_unlocked
  File "<frozen importlib._bootstrap>", line 1200, in _load_unlocked
  File "<frozen importlib._bootstrap>", line 1129, in _exec
  File "<frozen importlib._bootstrap>", line 1471, in exec_module
  File "<frozen importlib._bootstrap>", line 321, in _call_with_frames_removed
  File "/Users/shalomeir/IdeaProjects/Snippod/snippod-boilerplate/venv/lib/python3.4/site-packages/storages/backends/s3boto.py", line 9, in <module>
    from StringIO import StringIO  # noqa
ImportError: No module named 'StringIO'
Internal Server Error: /
Traceback (most recent call last):
  File "/Users/shalomeir/IdeaProjects/Snippod/snippod-boilerplate/venv/lib/python3.4/site-packages/storages/backends/s3boto.py", line 7, in <module>
    from cStringIO import StringIO
ImportError: No module named 'cStringIO'

During handling of the above exception, another exception occurred:

Traceback (most recent call last):
  File "/Users/shalomeir/IdeaProjects/Snippod/snippod-boilerplate/venv/lib/python3.4/site-packages/django/core/handlers/base.py", line 137, in get_response
    response = response.render()
  File "/Users/shalomeir/IdeaProjects/Snippod/snippod-boilerplate/venv/lib/python3.4/site-packages/django/template/response.py", line 103, in render
    self.content = self.rendered_content
  File "/Users/shalomeir/IdeaProjects/Snippod/snippod-boilerplate/venv/lib/python3.4/site-packages/django/template/response.py", line 80, in rendered_content
    content = template.render(context)
  File "/Users/shalomeir/IdeaProjects/Snippod/snippod-boilerplate/venv/lib/python3.4/site-packages/django/template/base.py", line 148, in render
    return self._render(context)
  File "/Users/shalomeir/IdeaProjects/Snippod/snippod-boilerplate/venv/lib/python3.4/site-packages/django/test/utils.py", line 88, in instrumented_test_render
    return self.nodelist.render(context)
  File "/Users/shalomeir/IdeaProjects/Snippod/snippod-boilerplate/venv/lib/python3.4/site-packages/django/template/base.py", line 844, in render
    bit = self.render_node(node, context)
  File "/Users/shalomeir/IdeaProjects/Snippod/snippod-boilerplate/venv/lib/python3.4/site-packages/django/template/base.py", line 858, in render_node
    return node.render(context)
  File "/Users/shalomeir/IdeaProjects/Snippod/snippod-boilerplate/venv/lib/python3.4/site-packages/django/templatetags/static.py", line 106, in render
    url = self.url(context)
  File "/Users/shalomeir/IdeaProjects/Snippod/snippod-boilerplate/venv/lib/python3.4/site-packages/django/contrib/staticfiles/templatetags/staticfiles.py", line 16, in url
    return static(path)
  File "/Users/shalomeir/IdeaProjects/Snippod/snippod-boilerplate/venv/lib/python3.4/site-packages/django/contrib/staticfiles/templatetags/staticfiles.py", line 9, in static
    return staticfiles_storage.url(path)
  File "/Users/shalomeir/IdeaProjects/Snippod/snippod-boilerplate/venv/lib/python3.4/site-packages/django/utils/functional.py", line 224, in inner
    self._setup()
  File "/Users/shalomeir/IdeaProjects/Snippod/snippod-boilerplate/venv/lib/python3.4/site-packages/debug_toolbar/panels/staticfiles.py", line 60, in _setup
    configured_storage_cls = get_storage_class(settings.STATICFILES_STORAGE)
  File "/Users/shalomeir/IdeaProjects/Snippod/snippod-boilerplate/venv/lib/python3.4/site-packages/django/core/files/storage.py", line 303, in get_storage_class
    return import_string(import_path or settings.DEFAULT_FILE_STORAGE)
  File "/Users/shalomeir/IdeaProjects/Snippod/snippod-boilerplate/venv/lib/python3.4/site-packages/django/utils/module_loading.py", line 26, in import_string
    module = import_module(module_path)
  File "/Users/shalomeir/IdeaProjects/Snippod/snippod-boilerplate/venv/lib/python3.4/importlib/__init__.py", line 109, in import_module
    return _bootstrap._gcd_import(name[level:], package, level)
  File "<frozen importlib._bootstrap>", line 2254, in _gcd_import
  File "<frozen importlib._bootstrap>", line 2237, in _find_and_load
  File "<frozen importlib._bootstrap>", line 2226, in _find_and_load_unlocked
  File "<frozen importlib._bootstrap>", line 1200, in _load_unlocked
  File "<frozen importlib._bootstrap>", line 1129, in _exec
  File "<frozen importlib._bootstrap>", line 1471, in exec_module
  File "<frozen importlib._bootstrap>", line 321, in _call_with_frames_removed
  File "/Users/shalomeir/IdeaProjects/Snippod/snippod-boilerplate/venv/lib/python3.4/site-packages/storages/backends/s3boto.py", line 9, in <module>
    from StringIO import StringIO  # noqa
ImportError: No module named 'StringIO'
Internal Server Error: /favicon.ico
Traceback (most recent call last):
  File "/Users/shalomeir/IdeaProjects/Snippod/snippod-boilerplate/venv/lib/python3.4/site-packages/storages/backends/s3boto.py", line 7, in <module>
    from cStringIO import StringIO
ImportError: No module named 'cStringIO'

During handling of the above exception, another exception occurred:

Traceback (most recent call last):
  File "/Users/shalomeir/IdeaProjects/Snippod/snippod-boilerplate/venv/lib/python3.4/site-packages/django/core/handlers/base.py", line 137, in get_response
    response = response.render()
  File "/Users/shalomeir/IdeaProjects/Snippod/snippod-boilerplate/venv/lib/python3.4/site-packages/django/template/response.py", line 103, in render
    self.content = self.rendered_content
  File "/Users/shalomeir/IdeaProjects/Snippod/snippod-boilerplate/venv/lib/python3.4/site-packages/django/template/response.py", line 80, in rendered_content
    content = template.render(context)
  File "/Users/shalomeir/IdeaProjects/Snippod/snippod-boilerplate/venv/lib/python3.4/site-packages/django/template/base.py", line 148, in render
    return self._render(context)
  File "/Users/shalomeir/IdeaProjects/Snippod/snippod-boilerplate/venv/lib/python3.4/site-packages/django/test/utils.py", line 88, in instrumented_test_render
    return self.nodelist.render(context)
  File "/Users/shalomeir/IdeaProjects/Snippod/snippod-boilerplate/venv/lib/python3.4/site-packages/django/template/base.py", line 844, in render
    bit = self.render_node(node, context)
  File "/Users/shalomeir/IdeaProjects/Snippod/snippod-boilerplate/venv/lib/python3.4/site-packages/django/template/base.py", line 858, in render_node
    return node.render(context)
  File "/Users/shalomeir/IdeaProjects/Snippod/snippod-boilerplate/venv/lib/python3.4/site-packages/django/templatetags/static.py", line 106, in render
    url = self.url(context)
  File "/Users/shalomeir/IdeaProjects/Snippod/snippod-boilerplate/venv/lib/python3.4/site-packages/django/contrib/staticfiles/templatetags/staticfiles.py", line 16, in url
    return static(path)
  File "/Users/shalomeir/IdeaProjects/Snippod/snippod-boilerplate/venv/lib/python3.4/site-packages/django/contrib/staticfiles/templatetags/staticfiles.py", line 9, in static
    return staticfiles_storage.url(path)
  File "/Users/shalomeir/IdeaProjects/Snippod/snippod-boilerplate/venv/lib/python3.4/site-packages/django/utils/functional.py", line 224, in inner
    self._setup()
  File "/Users/shalomeir/IdeaProjects/Snippod/snippod-boilerplate/venv/lib/python3.4/site-packages/debug_toolbar/panels/staticfiles.py", line 60, in _setup
    configured_storage_cls = get_storage_class(settings.STATICFILES_STORAGE)
  File "/Users/shalomeir/IdeaProjects/Snippod/snippod-boilerplate/venv/lib/python3.4/site-packages/django/core/files/storage.py", line 303, in get_storage_class
    return import_string(import_path or settings.DEFAULT_FILE_STORAGE)
  File "/Users/shalomeir/IdeaProjects/Snippod/snippod-boilerplate/venv/lib/python3.4/site-packages/django/utils/module_loading.py", line 26, in import_string
    module = import_module(module_path)
  File "/Users/shalomeir/IdeaProjects/Snippod/snippod-boilerplate/venv/lib/python3.4/importlib/__init__.py", line 109, in import_module
    return _bootstrap._gcd_import(name[level:], package, level)
  File "<frozen importlib._bootstrap>", line 2254, in _gcd_import
  File "<frozen importlib._bootstrap>", line 2237, in _find_and_load
  File "<frozen importlib._bootstrap>", line 2226, in _find_and_load_unlocked
  File "<frozen importlib._bootstrap>", line 1200, in _load_unlocked
  File "<frozen importlib._bootstrap>", line 1129, in _exec
  File "<frozen importlib._bootstrap>", line 1471, in exec_module
  File "<frozen importlib._bootstrap>", line 321, in _call_with_frames_removed
  File "/Users/shalomeir/IdeaProjects/Snippod/snippod-boilerplate/venv/lib/python3.4/site-packages/storages/backends/s3boto.py", line 9, in <module>
    from StringIO import StringIO  # noqa
ImportError: No module named 'StringIO'
Internal Server Error: /
Traceback (most recent call last):
  File "/Users/shalomeir/IdeaProjects/Snippod/snippod-boilerplate/venv/lib/python3.4/site-packages/storages/backends/s3boto.py", line 7, in <module>
    from cStringIO import StringIO
ImportError: No module named 'cStringIO'

During handling of the above exception, another exception occurred:

Traceback (most recent call last):
  File "/Users/shalomeir/IdeaProjects/Snippod/snippod-boilerplate/venv/lib/python3.4/site-packages/django/core/handlers/base.py", line 137, in get_response
    response = response.render()
  File "/Users/shalomeir/IdeaProjects/Snippod/snippod-boilerplate/venv/lib/python3.4/site-packages/django/template/response.py", line 103, in render
    self.content = self.rendered_content
  File "/Users/shalomeir/IdeaProjects/Snippod/snippod-boilerplate/venv/lib/python3.4/site-packages/django/template/response.py", line 80, in rendered_content
    content = template.render(context)
  File "/Users/shalomeir/IdeaProjects/Snippod/snippod-boilerplate/venv/lib/python3.4/site-packages/django/template/base.py", line 148, in render
    return self._render(context)
  File "/Users/shalomeir/IdeaProjects/Snippod/snippod-boilerplate/venv/lib/python3.4/site-packages/django/test/utils.py", line 88, in instrumented_test_render
    return self.nodelist.render(context)
  File "/Users/shalomeir/IdeaProjects/Snippod/snippod-boilerplate/venv/lib/python3.4/site-packages/django/template/base.py", line 844, in render
    bit = self.render_node(node, context)
  File "/Users/shalomeir/IdeaProjects/Snippod/snippod-boilerplate/venv/lib/python3.4/site-packages/django/template/base.py", line 858, in render_node
    return node.render(context)
  File "/Users/shalomeir/IdeaProjects/Snippod/snippod-boilerplate/venv/lib/python3.4/site-packages/django/templatetags/static.py", line 106, in render
    url = self.url(context)
  File "/Users/shalomeir/IdeaProjects/Snippod/snippod-boilerplate/venv/lib/python3.4/site-packages/django/contrib/staticfiles/templatetags/staticfiles.py", line 16, in url
    return static(path)
  File "/Users/shalomeir/IdeaProjects/Snippod/snippod-boilerplate/venv/lib/python3.4/site-packages/django/contrib/staticfiles/templatetags/staticfiles.py", line 9, in static
    return staticfiles_storage.url(path)
  File "/Users/shalomeir/IdeaProjects/Snippod/snippod-boilerplate/venv/lib/python3.4/site-packages/django/utils/functional.py", line 224, in inner
    self._setup()
  File "/Users/shalomeir/IdeaProjects/Snippod/snippod-boilerplate/venv/lib/python3.4/site-packages/debug_toolbar/panels/staticfiles.py", line 60, in _setup
    configured_storage_cls = get_storage_class(settings.STATICFILES_STORAGE)
  File "/Users/shalomeir/IdeaProjects/Snippod/snippod-boilerplate/venv/lib/python3.4/site-packages/django/core/files/storage.py", line 303, in get_storage_class
    return import_string(import_path or settings.DEFAULT_FILE_STORAGE)
  File "/Users/shalomeir/IdeaProjects/Snippod/snippod-boilerplate/venv/lib/python3.4/site-packages/django/utils/module_loading.py", line 26, in import_string
    module = import_module(module_path)
  File "/Users/shalomeir/IdeaProjects/Snippod/snippod-boilerplate/venv/lib/python3.4/importlib/__init__.py", line 109, in import_module
    return _bootstrap._gcd_import(name[level:], package, level)
  File "<frozen importlib._bootstrap>", line 2254, in _gcd_import
  File "<frozen importlib._bootstrap>", line 2237, in _find_and_load
  File "<frozen importlib._bootstrap>", line 2226, in _find_and_load_unlocked
  File "<frozen importlib._bootstrap>", line 1200, in _load_unlocked
  File "<frozen importlib._bootstrap>", line 1129, in _exec
  File "<frozen importlib._bootstrap>", line 1471, in exec_module
  File "<frozen importlib._bootstrap>", line 321, in _call_with_frames_removed
  File "/Users/shalomeir/IdeaProjects/Snippod/snippod-boilerplate/venv/lib/python3.4/site-packages/storages/backends/s3boto.py", line 9, in <module>
    from StringIO import StringIO  # noqa
ImportError: No module named 'StringIO'
Internal Server Error: /favicon.ico
Traceback (most recent call last):
  File "/Users/shalomeir/IdeaProjects/Snippod/snippod-boilerplate/venv/lib/python3.4/site-packages/storages/backends/s3boto.py", line 7, in <module>
    from cStringIO import StringIO
ImportError: No module named 'cStringIO'

During handling of the above exception, another exception occurred:

Traceback (most recent call last):
  File "/Users/shalomeir/IdeaProjects/Snippod/snippod-boilerplate/venv/lib/python3.4/site-packages/django/core/handlers/base.py", line 137, in get_response
    response = response.render()
  File "/Users/shalomeir/IdeaProjects/Snippod/snippod-boilerplate/venv/lib/python3.4/site-packages/django/template/response.py", line 103, in render
    self.content = self.rendered_content
  File "/Users/shalomeir/IdeaProjects/Snippod/snippod-boilerplate/venv/lib/python3.4/site-packages/django/template/response.py", line 80, in rendered_content
    content = template.render(context)
  File "/Users/shalomeir/IdeaProjects/Snippod/snippod-boilerplate/venv/lib/python3.4/site-packages/django/template/base.py", line 148, in render
    return self._render(context)
  File "/Users/shalomeir/IdeaProjects/Snippod/snippod-boilerplate/venv/lib/python3.4/site-packages/django/test/utils.py", line 88, in instrumented_test_render
    return self.nodelist.render(context)
  File "/Users/shalomeir/IdeaProjects/Snippod/snippod-boilerplate/venv/lib/python3.4/site-packages/django/template/base.py", line 844, in render
    bit = self.render_node(node, context)
  File "/Users/shalomeir/IdeaProjects/Snippod/snippod-boilerplate/venv/lib/python3.4/site-packages/django/template/base.py", line 858, in render_node
    return node.render(context)
  File "/Users/shalomeir/IdeaProjects/Snippod/snippod-boilerplate/venv/lib/python3.4/site-packages/django/templatetags/static.py", line 106, in render
    url = self.url(context)
  File "/Users/shalomeir/IdeaProjects/Snippod/snippod-boilerplate/venv/lib/python3.4/site-packages/django/contrib/staticfiles/templatetags/staticfiles.py", line 16, in url
    return static(path)
  File "/Users/shalomeir/IdeaProjects/Snippod/snippod-boilerplate/venv/lib/python3.4/site-packages/django/contrib/staticfiles/templatetags/staticfiles.py", line 9, in static
    return staticfiles_storage.url(path)
  File "/Users/shalomeir/IdeaProjects/Snippod/snippod-boilerplate/venv/lib/python3.4/site-packages/django/utils/functional.py", line 224, in inner
    self._setup()
  File "/Users/shalomeir/IdeaProjects/Snippod/snippod-boilerplate/venv/lib/python3.4/site-packages/debug_toolbar/panels/staticfiles.py", line 60, in _setup
    configured_storage_cls = get_storage_class(settings.STATICFILES_STORAGE)
  File "/Users/shalomeir/IdeaProjects/Snippod/snippod-boilerplate/venv/lib/python3.4/site-packages/django/core/files/storage.py", line 303, in get_storage_class
    return import_string(import_path or settings.DEFAULT_FILE_STORAGE)
  File "/Users/shalomeir/IdeaProjects/Snippod/snippod-boilerplate/venv/lib/python3.4/site-packages/django/utils/module_loading.py", line 26, in import_string
    module = import_module(module_path)
  File "/Users/shalomeir/IdeaProjects/Snippod/snippod-boilerplate/venv/lib/python3.4/importlib/__init__.py", line 109, in import_module
    return _bootstrap._gcd_import(name[level:], package, level)
  File "<frozen importlib._bootstrap>", line 2254, in _gcd_import
  File "<frozen importlib._bootstrap>", line 2237, in _find_and_load
  File "<frozen importlib._bootstrap>", line 2226, in _find_and_load_unlocked
  File "<frozen importlib._bootstrap>", line 1200, in _load_unlocked
  File "<frozen importlib._bootstrap>", line 1129, in _exec
  File "<frozen importlib._bootstrap>", line 1471, in exec_module
  File "<frozen importlib._bootstrap>", line 321, in _call_with_frames_removed
  File "/Users/shalomeir/IdeaProjects/Snippod/snippod-boilerplate/venv/lib/python3.4/site-packages/storages/backends/s3boto.py", line 9, in <module>
    from StringIO import StringIO  # noqa
ImportError: No module named 'StringIO'
Internal Server Error: /
Traceback (most recent call last):
  File "/Users/shalomeir/IdeaProjects/Snippod/snippod-boilerplate/venv/lib/python3.4/site-packages/storages/backends/s3boto.py", line 7, in <module>
    from cStringIO import StringIO
ImportError: No module named 'cStringIO'

During handling of the above exception, another exception occurred:

Traceback (most recent call last):
  File "/Users/shalomeir/IdeaProjects/Snippod/snippod-boilerplate/venv/lib/python3.4/site-packages/django/core/handlers/base.py", line 137, in get_response
    response = response.render()
  File "/Users/shalomeir/IdeaProjects/Snippod/snippod-boilerplate/venv/lib/python3.4/site-packages/django/template/response.py", line 103, in render
    self.content = self.rendered_content
  File "/Users/shalomeir/IdeaProjects/Snippod/snippod-boilerplate/venv/lib/python3.4/site-packages/django/template/response.py", line 80, in rendered_content
    content = template.render(context)
  File "/Users/shalomeir/IdeaProjects/Snippod/snippod-boilerplate/venv/lib/python3.4/site-packages/django/template/base.py", line 148, in render
    return self._render(context)
  File "/Users/shalomeir/IdeaProjects/Snippod/snippod-boilerplate/venv/lib/python3.4/site-packages/django/test/utils.py", line 88, in instrumented_test_render
    return self.nodelist.render(context)
  File "/Users/shalomeir/IdeaProjects/Snippod/snippod-boilerplate/venv/lib/python3.4/site-packages/django/template/base.py", line 844, in render
    bit = self.render_node(node, context)
  File "/Users/shalomeir/IdeaProjects/Snippod/snippod-boilerplate/venv/lib/python3.4/site-packages/django/template/base.py", line 858, in render_node
    return node.render(context)
  File "/Users/shalomeir/IdeaProjects/Snippod/snippod-boilerplate/venv/lib/python3.4/site-packages/django/templatetags/static.py", line 106, in render
    url = self.url(context)
  File "/Users/shalomeir/IdeaProjects/Snippod/snippod-boilerplate/venv/lib/python3.4/site-packages/django/contrib/staticfiles/templatetags/staticfiles.py", line 16, in url
    return static(path)
  File "/Users/shalomeir/IdeaProjects/Snippod/snippod-boilerplate/venv/lib/python3.4/site-packages/django/contrib/staticfiles/templatetags/staticfiles.py", line 9, in static
    return staticfiles_storage.url(path)
  File "/Users/shalomeir/IdeaProjects/Snippod/snippod-boilerplate/venv/lib/python3.4/site-packages/django/utils/functional.py", line 224, in inner
    self._setup()
  File "/Users/shalomeir/IdeaProjects/Snippod/snippod-boilerplate/venv/lib/python3.4/site-packages/debug_toolbar/panels/staticfiles.py", line 60, in _setup
    configured_storage_cls = get_storage_class(settings.STATICFILES_STORAGE)
  File "/Users/shalomeir/IdeaProjects/Snippod/snippod-boilerplate/venv/lib/python3.4/site-packages/django/core/files/storage.py", line 303, in get_storage_class
    return import_string(import_path or settings.DEFAULT_FILE_STORAGE)
  File "/Users/shalomeir/IdeaProjects/Snippod/snippod-boilerplate/venv/lib/python3.4/site-packages/django/utils/module_loading.py", line 26, in import_string
    module = import_module(module_path)
  File "/Users/shalomeir/IdeaProjects/Snippod/snippod-boilerplate/venv/lib/python3.4/importlib/__init__.py", line 109, in import_module
    return _bootstrap._gcd_import(name[level:], package, level)
  File "<frozen importlib._bootstrap>", line 2254, in _gcd_import
  File "<frozen importlib._bootstrap>", line 2237, in _find_and_load
  File "<frozen importlib._bootstrap>", line 2226, in _find_and_load_unlocked
  File "<frozen importlib._bootstrap>", line 1200, in _load_unlocked
  File "<frozen importlib._bootstrap>", line 1129, in _exec
  File "<frozen importlib._bootstrap>", line 1471, in exec_module
  File "<frozen importlib._bootstrap>", line 321, in _call_with_frames_removed
  File "/Users/shalomeir/IdeaProjects/Snippod/snippod-boilerplate/venv/lib/python3.4/site-packages/storages/backends/s3boto.py", line 9, in <module>
    from StringIO import StringIO  # noqa
ImportError: No module named 'StringIO'
Internal Server Error: /favicon.ico
Traceback (most recent call last):
  File "/Users/shalomeir/IdeaProjects/Snippod/snippod-boilerplate/venv/lib/python3.4/site-packages/storages/backends/s3boto.py", line 7, in <module>
    from cStringIO import StringIO
ImportError: No module named 'cStringIO'

During handling of the above exception, another exception occurred:

Traceback (most recent call last):
  File "/Users/shalomeir/IdeaProjects/Snippod/snippod-boilerplate/venv/lib/python3.4/site-packages/django/core/handlers/base.py", line 137, in get_response
    response = response.render()
  File "/Users/shalomeir/IdeaProjects/Snippod/snippod-boilerplate/venv/lib/python3.4/site-packages/django/template/response.py", line 103, in render
    self.content = self.rendered_content
  File "/Users/shalomeir/IdeaProjects/Snippod/snippod-boilerplate/venv/lib/python3.4/site-packages/django/template/response.py", line 80, in rendered_content
    content = template.render(context)
  File "/Users/shalomeir/IdeaProjects/Snippod/snippod-boilerplate/venv/lib/python3.4/site-packages/django/template/base.py", line 148, in render
    return self._render(context)
  File "/Users/shalomeir/IdeaProjects/Snippod/snippod-boilerplate/venv/lib/python3.4/site-packages/django/test/utils.py", line 88, in instrumented_test_render
    return self.nodelist.render(context)
  File "/Users/shalomeir/IdeaProjects/Snippod/snippod-boilerplate/venv/lib/python3.4/site-packages/django/template/base.py", line 844, in render
    bit = self.render_node(node, context)
  File "/Users/shalomeir/IdeaProjects/Snippod/snippod-boilerplate/venv/lib/python3.4/site-packages/django/template/base.py", line 858, in render_node
    return node.render(context)
  File "/Users/shalomeir/IdeaProjects/Snippod/snippod-boilerplate/venv/lib/python3.4/site-packages/django/templatetags/static.py", line 106, in render
    url = self.url(context)
  File "/Users/shalomeir/IdeaProjects/Snippod/snippod-boilerplate/venv/lib/python3.4/site-packages/django/contrib/staticfiles/templatetags/staticfiles.py", line 16, in url
    return static(path)
  File "/Users/shalomeir/IdeaProjects/Snippod/snippod-boilerplate/venv/lib/python3.4/site-packages/django/contrib/staticfiles/templatetags/staticfiles.py", line 9, in static
    return staticfiles_storage.url(path)
  File "/Users/shalomeir/IdeaProjects/Snippod/snippod-boilerplate/venv/lib/python3.4/site-packages/django/utils/functional.py", line 224, in inner
    self._setup()
  File "/Users/shalomeir/IdeaProjects/Snippod/snippod-boilerplate/venv/lib/python3.4/site-packages/debug_toolbar/panels/staticfiles.py", line 60, in _setup
    configured_storage_cls = get_storage_class(settings.STATICFILES_STORAGE)
  File "/Users/shalomeir/IdeaProjects/Snippod/snippod-boilerplate/venv/lib/python3.4/site-packages/django/core/files/storage.py", line 303, in get_storage_class
    return import_string(import_path or settings.DEFAULT_FILE_STORAGE)
  File "/Users/shalomeir/IdeaProjects/Snippod/snippod-boilerplate/venv/lib/python3.4/site-packages/django/utils/module_loading.py", line 26, in import_string
    module = import_module(module_path)
  File "/Users/shalomeir/IdeaProjects/Snippod/snippod-boilerplate/venv/lib/python3.4/importlib/__init__.py", line 109, in import_module
    return _bootstrap._gcd_import(name[level:], package, level)
  File "<frozen importlib._bootstrap>", line 2254, in _gcd_import
  File "<frozen importlib._bootstrap>", line 2237, in _find_and_load
  File "<frozen importlib._bootstrap>", line 2226, in _find_and_load_unlocked
  File "<frozen importlib._bootstrap>", line 1200, in _load_unlocked
  File "<frozen importlib._bootstrap>", line 1129, in _exec
  File "<frozen importlib._bootstrap>", line 1471, in exec_module
  File "<frozen importlib._bootstrap>", line 321, in _call_with_frames_removed
  File "/Users/shalomeir/IdeaProjects/Snippod/snippod-boilerplate/venv/lib/python3.4/site-packages/storages/backends/s3boto.py", line 9, in <module>
    from StringIO import StringIO  # noqa
ImportError: No module named 'StringIO'
